Apr-08 18:16:28.387 [main] DEBUG nextflow.cli.Launcher - $> nextflow -quiet -log /Users/hverdonk/nf-core-capheine/.nf-test/tests/7465938c4dda96fbdf17010eb928a515/meta/nextflow.log run /Users/hverdonk/nf-core-capheine/.nf-test-7465938c4dda96fbdf17010eb928a515.nf -c /Users/hverdonk/nf-core-capheine/nextflow.config -params-file /Users/hverdonk/nf-core-capheine/.nf-test/tests/7465938c4dda96fbdf17010eb928a515/meta/params.json -ansi-log false -with-trace /Users/hverdonk/nf-core-capheine/.nf-test/tests/7465938c4dda96fbdf17010eb928a515/meta/trace.csv -w /Users/hverdonk/nf-core-capheine/.nf-test/tests/7465938c4dda96fbdf17010eb928a515/work
Apr-08 18:16:28.420 [main] INFO  nextflow.cli.CmdRun - N E X T F L O W  ~  version 24.10.5
Apr-08 18:16:28.429 [main] DEBUG nextflow.plugin.PluginsFacade - Setting up plugin manager > mode=prod; embedded=false; plugins-dir=/Users/hverdonk/.nextflow/plugins; core-plugins: nf-amazon@2.9.2,nf-azure@1.10.2,nf-cloudcache@0.4.2,nf-codecommit@0.2.2,nf-console@1.1.4,nf-google@1.15.4,nf-tower@1.9.3,nf-wave@1.7.4
Apr-08 18:16:28.442 [main] INFO  o.pf4j.DefaultPluginStatusProvider - Enabled plugins: []
Apr-08 18:16:28.442 [main] INFO  o.pf4j.DefaultPluginStatusProvider - Disabled plugins: []
Apr-08 18:16:28.444 [main] INFO  org.pf4j.DefaultPluginManager - PF4J version 3.12.0 in 'deployment' mode
Apr-08 18:16:28.450 [main] INFO  org.pf4j.AbstractPluginManager - No plugins
Apr-08 18:16:28.461 [main] DEBUG nextflow.config.ConfigBuilder - Found config base: /Users/hverdonk/nf-core-capheine/nextflow.config
Apr-08 18:16:28.463 [main] DEBUG nextflow.config.ConfigBuilder - User config file: /Users/hverdonk/nf-core-capheine/nextflow.config
Apr-08 18:16:28.464 [main] DEBUG nextflow.config.ConfigBuilder - Parsing config file: /Users/hverdonk/nf-core-capheine/nextflow.config
Apr-08 18:16:28.464 [main] DEBUG nextflow.config.ConfigBuilder - Parsing config file: /Users/hverdonk/nf-core-capheine/nextflow.config
Apr-08 18:16:28.477 [main] DEBUG n.secret.LocalSecretsProvider - Secrets store: /Users/hverdonk/.nextflow/secrets/store.json
Apr-08 18:16:28.478 [main] DEBUG nextflow.secret.SecretsLoader - Discovered secrets providers: [nextflow.secret.LocalSecretsProvider@91c4a3f] - activable => nextflow.secret.LocalSecretsProvider@91c4a3f
Apr-08 18:16:28.488 [main] DEBUG nextflow.config.ConfigBuilder - Applying config profile: `standard`
Apr-08 18:16:29.221 [main] DEBUG nextflow.config.ConfigBuilder - Applying config profile: `standard`
Apr-08 18:16:29.413 [main] DEBUG nextflow.cli.CmdRun - Applied DSL=2 from script declaration
Apr-08 18:16:29.419 [main] INFO  nextflow.cli.CmdRun - Launching `/Users/hverdonk/nf-core-capheine/.nf-test-7465938c4dda96fbdf17010eb928a515.nf` [scruffy_williams] DSL2 - revision: 53551a28e1
Apr-08 18:16:29.420 [main] DEBUG nextflow.plugin.PluginsFacade - Plugins declared=[nf-schema@2.3.0]
Apr-08 18:16:29.420 [main] DEBUG nextflow.plugin.PluginsFacade - Plugins default=[]
Apr-08 18:16:29.420 [main] DEBUG nextflow.plugin.PluginsFacade - Plugins resolved requirement=[nf-schema@2.3.0]
Apr-08 18:16:29.420 [main] DEBUG nextflow.plugin.PluginUpdater - Installing plugin nf-schema version: 2.3.0
Apr-08 18:16:29.427 [main] INFO  org.pf4j.AbstractPluginManager - Plugin 'nf-schema@2.3.0' resolved
Apr-08 18:16:29.427 [main] INFO  org.pf4j.AbstractPluginManager - Start plugin 'nf-schema@2.3.0'
Apr-08 18:16:29.429 [main] DEBUG nextflow.plugin.BasePlugin - Plugin started nf-schema@2.3.0
Apr-08 18:16:29.450 [main] DEBUG nextflow.Session - Session UUID: 4801b51c-efc6-40ac-9a46-5498f2c74352
Apr-08 18:16:29.451 [main] DEBUG nextflow.Session - Run name: scruffy_williams
Apr-08 18:16:29.451 [main] DEBUG nextflow.Session - Executor pool size: 14
Apr-08 18:16:29.454 [main] DEBUG nextflow.file.FilePorter - File porter settings maxRetries=3; maxTransfers=50; pollTimeout=null
Apr-08 18:16:29.456 [main] DEBUG nextflow.util.ThreadPoolBuilder - Creating thread pool 'FileTransfer' minSize=10; maxSize=42; workQueue=LinkedBlockingQueue[-1]; allowCoreThreadTimeout=false
Apr-08 18:16:29.465 [main] DEBUG nextflow.cli.CmdRun - 
  Version: 24.10.5 build 5935
  Created: 04-03-2025 17:55 UTC (12:55 EDT)
  System: Mac OS X 15.4
  Runtime: Groovy 4.0.23 on OpenJDK 64-Bit Server VM 17.0.14+7-LTS
  Encoding: UTF-8 (UTF-8)
  Process: 93634@4a-73-d5-6b-43-da.wireless.temple.edu [10.108.46.129]
  CPUs: 14 - Mem: 48 GB (342.9 MB) - Swap: 0 (0)
Apr-08 18:16:29.479 [main] DEBUG nextflow.Session - Work-dir: /Users/hverdonk/nf-core-capheine/.nf-test/tests/7465938c4dda96fbdf17010eb928a515/work [Mac OS X]
Apr-08 18:16:29.479 [main] DEBUG nextflow.Session - Script base path does not exist or is not a directory: /Users/hverdonk/nf-core-capheine/bin
Apr-08 18:16:29.484 [main] DEBUG nextflow.executor.ExecutorFactory - Extension executors providers=[]
Apr-08 18:16:29.488 [main] DEBUG nextflow.Session - Observer factory: DefaultObserverFactory
Apr-08 18:16:29.497 [main] DEBUG nextflow.Session - Observer factory: ValidationObserverFactory
Apr-08 18:16:29.518 [main] DEBUG nextflow.cache.CacheFactory - Using Nextflow cache factory: nextflow.cache.DefaultCacheFactory
Apr-08 18:16:29.534 [main] DEBUG nextflow.util.CustomThreadPool - Creating default thread pool > poolSize: 15; maxThreads: 1000
Apr-08 18:16:29.579 [main] DEBUG nextflow.Session - Session start
Apr-08 18:16:29.580 [main] DEBUG nextflow.trace.TraceFileObserver - Workflow started -- trace file: /Users/hverdonk/nf-core-capheine/.nf-test/tests/7465938c4dda96fbdf17010eb928a515/meta/trace.csv
Apr-08 18:16:29.619 [main] DEBUG nextflow.script.ScriptRunner - Parsed script files:
Apr-08 18:16:29.620 [main] DEBUG nextflow.Session - 
Thread[Notification Thread,9,system]

Thread[main,5,main]
  java.base@17.0.14/java.lang.Thread.dumpThreads(Native Method)
  java.base@17.0.14/java.lang.Thread.getAllStackTraces(Thread.java:1671)
  app//nextflow.util.SysHelper.dumpThreads(SysHelper.groovy:188)
  app//nextflow.Session.abort(Session.groovy:800)
  app//nextflow.script.ScriptRunner.execute(ScriptRunner.groovy:149)
  app//nextflow.cli.CmdRun.run(CmdRun.groovy:376)
  app//nextflow.cli.Launcher.run(Launcher.groovy:503)
  app//nextflow.cli.Launcher.main(Launcher.groovy:658)

Thread[Reference Handler,10,system]
  java.base@17.0.14/java.lang.ref.Reference.waitForReferencePendingList(Native Method)
  java.base@17.0.14/java.lang.ref.Reference.processPendingReferences(Reference.java:253)
  java.base@17.0.14/java.lang.ref.Reference$ReferenceHandler.run(Reference.java:215)

Thread[Finalizer,8,system]
  java.base@17.0.14/java.lang.Object.wait(Native Method)
  java.base@17.0.14/java.lang.ref.ReferenceQueue.remove(ReferenceQueue.java:155)
  java.base@17.0.14/java.lang.ref.ReferenceQueue.remove(ReferenceQueue.java:176)
  java.base@17.0.14/java.lang.ref.Finalizer$FinalizerThread.run(Finalizer.java:172)

Thread[Keep-Alive-Timer,8,InnocuousThreadGroup]
  java.base@17.0.14/java.lang.Thread.sleep(Native Method)
  java.base@17.0.14/sun.net.www.http.KeepAliveCache.run(KeepAliveCache.java:238)
  java.base@17.0.14/java.lang.Thread.run(Thread.java:840)
  java.base@17.0.14/jdk.internal.misc.InnocuousThread.run(InnocuousThread.java:162)

Thread[Actor Thread 1,5,main]
  java.base@17.0.14/jdk.internal.misc.Unsafe.park(Native Method)
  java.base@17.0.14/java.util.concurrent.locks.LockSupport.park(LockSupport.java:341)
  java.base@17.0.14/java.util.concurrent.SynchronousQueue$TransferStack$SNode.block(SynchronousQueue.java:288)
  java.base@17.0.14/java.util.concurrent.ForkJoinPool.unmanagedBlock(ForkJoinPool.java:3476)
  java.base@17.0.14/java.util.concurrent.ForkJoinPool.managedBlock(ForkJoinPool.java:3447)
  java.base@17.0.14/java.util.concurrent.SynchronousQueue$TransferStack.transfer(SynchronousQueue.java:397)
  java.base@17.0.14/java.util.concurrent.SynchronousQueue.take(SynchronousQueue.java:886)
  java.base@17.0.14/java.util.concurrent.ThreadPoolExecutor.getTask(ThreadPoolExecutor.java:1062)
  java.base@17.0.14/java.util.concurrent.ThreadPoolExecutor.runWorker(ThreadPoolExecutor.java:1122)
  java.base@17.0.14/java.util.concurrent.ThreadPoolExecutor$Worker.run(ThreadPoolExecutor.java:635)
  java.base@17.0.14/java.lang.Thread.run(Thread.java:840)

Thread[Common-Cleaner,8,InnocuousThreadGroup]
  java.base@17.0.14/java.lang.Object.wait(Native Method)
  java.base@17.0.14/java.lang.ref.ReferenceQueue.remove(ReferenceQueue.java:155)
  java.base@17.0.14/jdk.internal.ref.CleanerImpl.run(CleanerImpl.java:140)
  java.base@17.0.14/java.lang.Thread.run(Thread.java:840)
  java.base@17.0.14/jdk.internal.misc.InnocuousThread.run(InnocuousThread.java:162)

Thread[Thread-1,5,main]
  java.base@17.0.14/jdk.internal.misc.Unsafe.park(Native Method)
  java.base@17.0.14/java.util.concurrent.locks.LockSupport.parkNanos(LockSupport.java:252)
  java.base@17.0.14/java.util.concurrent.locks.AbstractQueuedSynchronizer$ConditionObject.awaitNanos(AbstractQueuedSynchronizer.java:1679)
  java.base@17.0.14/java.util.concurrent.LinkedBlockingDeque.pollFirst(LinkedBlockingDeque.java:515)
  java.base@17.0.14/java.util.concurrent.LinkedBlockingDeque.poll(LinkedBlockingDeque.java:677)
  app//nextflow.util.SimpleAgent.run(SimpleAgent.groovy:89)
  java.base@17.0.14/jdk.internal.reflect.NativeMethodAccessorImpl.invoke0(Native Method)
  java.base@17.0.14/jdk.internal.reflect.NativeMethodAccessorImpl.invoke(NativeMethodAccessorImpl.java:77)
  java.base@17.0.14/jdk.internal.reflect.DelegatingMethodAccessorImpl.invoke(DelegatingMethodAccessorImpl.java:43)
  java.base@17.0.14/java.lang.reflect.Method.invoke(Method.java:569)
  app//org.codehaus.groovy.reflection.CachedMethod.invoke(CachedMethod.java:343)
  app//groovy.lang.MetaMethod.doMethodInvoke(MetaMethod.java:328)
  app//groovy.lang.MetaClassImpl.doInvokeMethod(MetaClassImpl.java:1333)
  app//groovy.lang.MetaClassImpl.invokeMethod(MetaClassImpl.java:1088)
  app//groovy.lang.MetaClassImpl.invokeMethodClosure(MetaClassImpl.java:1017)
  app//groovy.lang.MetaClassImpl.doInvokeMethod(MetaClassImpl.java:1207)
  app//groovy.lang.MetaClassImpl.invokeMethod(MetaClassImpl.java:1088)
  app//groovy.lang.MetaClassImpl.invokeMethod(MetaClassImpl.java:1007)
  app//groovy.lang.Closure.call(Closure.java:433)
  app//groovy.lang.Closure.call(Closure.java:412)
  app//groovy.lang.Closure.run(Closure.java:505)
  java.base@17.0.14/java.lang.Thread.run(Thread.java:840)

Thread[Signal Dispatcher,9,system]

Apr-08 18:16:29.624 [main] ERROR nextflow.cli.Launcher - Script compilation error
- file : /Users/hverdonk/nf-core-capheine/.nf-test-7465938c4dda96fbdf17010eb928a515.nf
- cause: Unexpected input: '{' @ line 24, column 10.
   workflow {
            ^

1 error

NOTE: If this is the beginning of a process or workflow, there may be a syntax error in the body, such as a missing or extra comma, for which a more specific error message could not be produced.
nextflow.exception.ScriptCompilationException: Script compilation error
- file : /Users/hverdonk/nf-core-capheine/.nf-test-7465938c4dda96fbdf17010eb928a515.nf
- cause: Unexpected input: '{' @ line 24, column 10.
   workflow {
            ^

1 error

NOTE: If this is the beginning of a process or workflow, there may be a syntax error in the body, such as a missing or extra comma, for which a more specific error message could not be produced.
	at nextflow.script.ScriptParser.parse0(ScriptParser.groovy:196)
	at nextflow.script.ScriptParser.parse(ScriptParser.groovy:206)
	at nextflow.script.ScriptRunner.parseScript(ScriptRunner.groovy:229)
	at nextflow.script.ScriptRunner.execute(ScriptRunner.groovy:136)
	at nextflow.cli.CmdRun.run(CmdRun.groovy:376)
	at nextflow.cli.Launcher.run(Launcher.groovy:503)
	at nextflow.cli.Launcher.main(Launcher.groovy:658)
Caused by: org.codehaus.groovy.control.MultipleCompilationErrorsException: startup failed:
Script_0ec6be91284abead: 24: Unexpected input: '{' @ line 24, column 10.
   workflow {
            ^

1 error

	at org.codehaus.groovy.control.ErrorCollector.failIfErrors(ErrorCollector.java:292)
	at org.codehaus.groovy.control.ErrorCollector.addFatalError(ErrorCollector.java:148)
	at org.apache.groovy.parser.antlr4.AstBuilder.collectSyntaxError(AstBuilder.java:4753)
	at org.apache.groovy.parser.antlr4.AstBuilder.access$100(AstBuilder.java:169)
	at org.apache.groovy.parser.antlr4.AstBuilder$3.syntaxError(AstBuilder.java:4764)
	at groovyjarjarantlr4.v4.runtime.ProxyErrorListener.syntaxError(ProxyErrorListener.java:44)
	at groovyjarjarantlr4.v4.runtime.Parser.notifyErrorListeners(Parser.java:543)
	at groovyjarjarantlr4.v4.runtime.DefaultErrorStrategy.notifyErrorListeners(DefaultErrorStrategy.java:154)
	at org.apache.groovy.parser.antlr4.internal.DescriptiveErrorStrategy.reportInputMismatch(DescriptiveErrorStrategy.java:104)
	at org.apache.groovy.parser.antlr4.internal.DescriptiveErrorStrategy.recover(DescriptiveErrorStrategy.java:55)
	at org.apache.groovy.parser.antlr4.internal.DescriptiveErrorStrategy.recoverInline(DescriptiveErrorStrategy.java:68)
	at groovyjarjarantlr4.v4.runtime.Parser.match(Parser.java:213)
	at org.apache.groovy.parser.antlr4.GroovyParser.compilationUnit(GroovyParser.java:368)
	at org.apache.groovy.parser.antlr4.AstBuilder.buildCST(AstBuilder.java:243)
	at org.apache.groovy.parser.antlr4.AstBuilder.buildCST(AstBuilder.java:221)
	at org.apache.groovy.parser.antlr4.AstBuilder.buildAST(AstBuilder.java:262)
	at org.apache.groovy.parser.antlr4.Antlr4ParserPlugin.buildAST(Antlr4ParserPlugin.java:58)
	at org.codehaus.groovy.control.SourceUnit.buildAST(SourceUnit.java:256)
	at java.base/java.util.Iterator.forEachRemaining(Iterator.java:133)
	at java.base/java.util.Spliterators$IteratorSpliterator.forEachRemaining(Spliterators.java:1845)
	at java.base/java.util.stream.ReferencePipeline$Head.forEach(ReferencePipeline.java:762)
	at org.codehaus.groovy.control.CompilationUnit.compile(CompilationUnit.java:663)
	at groovy.lang.GroovyClassLoader.doParseClass(GroovyClassLoader.java:373)
	at groovy.lang.GroovyClassLoader.lambda$parseClass$2(GroovyClassLoader.java:316)
	at org.codehaus.groovy.runtime.memoize.StampedCommonCache.compute(StampedCommonCache.java:163)
	at org.codehaus.groovy.runtime.memoize.StampedCommonCache.getAndPut(StampedCommonCache.java:154)
	at groovy.lang.GroovyClassLoader.parseClass(GroovyClassLoader.java:314)
	at groovy.lang.GroovyShell.parseClass(GroovyShell.java:572)
	at groovy.lang.GroovyShell.parse(GroovyShell.java:585)
	at groovy.lang.GroovyShell.parse(GroovyShell.java:639)
	at groovy.lang.GroovyShell.parse(GroovyShell.java:643)
	at nextflow.script.ScriptParser.parse0(ScriptParser.groovy:175)
	... 6 common frames omitted
